<?xml version="1.0" encoding="UTF-8"?>
<testsuite xmlns:xsi="http://www.w3.org/2001/XMLSchema-instance" xsi:noNamespaceSchemaLocation="https://maven.apache.org/surefire/maven-surefire-plugin/xsd/surefire-test-report.xsd" name="com.s3925997.asm1.repo.ShoppingCartRepoTest" time="0.001" tests="3" errors="0" skipped="0" failures="0">
  <properties>
[...]
</properties>
  <testcase name="testAddProductToCart" classname="com.s3925997.asm1.repo.ShoppingCartRepoTest" time="0"/>
  <testcase name="testSortCarts" classname="com.s3925997.asm1.repo.ShoppingCartRepoTest" time="0"/>
  <testcase name="testSortCartsReverse" classname="com.s3925997.asm1.repo.ShoppingCartRepoTest" time="0.001"/>
</testsuite>